c:\users\zosit\desktop\samplefreeglut\debug\sample.obj
c:\users\zosit\desktop\samplefreeglut\debug\vc110.pdb
c:\users\zosit\desktop\samplefreeglut\debug\sample.exe
c:\users\zosit\desktop\samplefreeglut\debug\sample.pdb
c:\users\zosit\desktop\samplefreeglut\debug\vc140.pdb
c:\users\zosit\desktop\samplefreeglut\debug\vc140.idb
c:\users\zosit\desktop\samplefreeglut\debug\cl.command.1.tlog
c:\users\zosit\desktop\samplefreeglut\debug\cl.read.1.tlog
c:\users\zosit\desktop\samplefreeglut\debug\cl.write.1.tlog
c:\users\zosit\desktop\samplefreeglut\debug\link-cvtres.read.1.tlog
c:\users\zosit\desktop\samplefreeglut\debug\link-cvtres.write.1.tlog
c:\users\zosit\desktop\samplefreeglut\debug\link-rc.read.1.tlog
c:\users\zosit\desktop\samplefreeglut\debug\link-rc.write.1.tlog
c:\users\zosit\desktop\samplefreeglut\debug\link.command.1.tlog
c:\users\zosit\desktop\samplefreeglut\debug\link.read.1.tlog
c:\users\zosit\desktop\samplefreeglut\debug\link.write.1.tlog
c:\users\zosit\desktop\samplefreeglut\debug\vc110.idb
c:\users\zosit\desktop\samplefreeglut\.\debug\sample.exe
c:\users\zosit\desktop\samplefreeglut\debug\sample.tlog\cl.command.1.tlog
c:\users\zosit\desktop\samplefreeglut\debug\sample.tlog\cl.read.1.tlog
c:\users\zosit\desktop\samplefreeglut\debug\sample.tlog\cl.write.1.tlog
c:\users\zosit\desktop\samplefreeglut\debug\sample.tlog\link.command.1.tlog
c:\users\zosit\desktop\samplefreeglut\debug\sample.tlog\link.read.1.tlog
c:\users\zosit\desktop\samplefreeglut\debug\sample.tlog\link.write.1.tlog
