Build started 1/8/2016 3:03:11 PM.
     1>Project "C:\Users\Zosit\Desktop\SampleFreeGlut\Sample.vcxproj" on node 2 (Build target(s)).
     1>ClCompile:
         C:\Program Files (x86)\Microsoft Visual Studio 14.0\VC\bin\CL.exe /c /ZI /nologo /W3 /WX- /Od /Oy- /D WIN32 /D _DEBUG /D _CONSOLE /D _VC80_UPGRADE=0x0710 /D _MBCS /Gm- /EHsc /RTC1 /MTd /GS /fp:precise /Zc:wchar_t /Zc:forScope /Zc:inline /Fo".\Debug/" /Fd".\Debug/vc140.pdb" /Gd /TP /analyze- /errorReport:prompt sample.cpp
         sample.cpp
     1>c:\users\zosit\desktop\samplefreeglut\sample.cpp(56): warning C4996: 'fopen': This function or variable may be unsafe. Consider using fopen_s instead. To disable deprecation, use _CRT_SECURE_NO_WARNINGS. See online help for details.
         c:\program files (x86)\windows kits\10\include\10.0.10150.0\ucrt\stdio.h(205): note: see declaration of 'fopen'
     1>c:\users\zosit\desktop\samplefreeglut\sample.cpp(1109): warning C4244: 'argument': conversion from 'double' to 'GLfloat', possible loss of data
     1>c:\users\zosit\desktop\samplefreeglut\sample.cpp(1110): warning C4244: 'argument': conversion from 'double' to 'GLfloat', possible loss of data
     1>c:\users\zosit\desktop\samplefreeglut\sample.cpp(1111): warning C4244: 'argument': conversion from 'double' to 'GLfloat', possible loss of data
     1>c:\users\zosit\desktop\samplefreeglut\sample.cpp(1112): warning C4244: 'argument': conversion from 'double' to 'GLfloat', possible loss of data
     1>c:\users\zosit\desktop\samplefreeglut\sample.cpp(1113): warning C4244: 'argument': conversion from 'double' to 'GLfloat', possible loss of data
     1>c:\users\zosit\desktop\samplefreeglut\sample.cpp(1114): warning C4244: 'argument': conversion from 'double' to 'GLfloat', possible loss of data
     1>c:\users\zosit\desktop\samplefreeglut\sample.cpp(1115): warning C4244: 'argument': conversion from 'double' to 'GLfloat', possible loss of data
     1>c:\users\zosit\desktop\samplefreeglut\sample.cpp(1116): warning C4244: 'argument': conversion from 'double' to 'GLfloat', possible loss of data
     1>c:\users\zosit\desktop\samplefreeglut\sample.cpp(1522): warning C4244: 'initializing': conversion from 'double' to 'float', possible loss of data
       Link:
         C:\Program Files (x86)\Microsoft Visual Studio 14.0\VC\bin\link.exe /ERRORREPORT:PROMPT /OUT:".\Debug/Sample.exe" /INCREMENTAL:NO /NOLOGO glew32.lib freeglut.lib glu32.lib opengl32.lib odbc32.lib odbccp32.lib kernel32.lib user32.lib gdi32.lib winspool.lib comdlg32.lib advapi32.lib shell32.lib ole32.lib oleaut32.lib uuid.lib odbc32.lib odbccp32.lib /MANIFEST /MANIFESTUAC:"level='asInvoker' uiAccess='false'" /manifest:embed /Debug /PDB:".\Debug/Sample.pdb" /SUBSYSTEM:CONSOLE /TLBID:1 /DYNAMICBASE:NO /IMPLIB:".\Debug\Sample.lib" /MACHINE:X86 /SAFESEH .\Debug/sample.obj
     1>sample.obj : warning LNK4075: ignoring '/EDITANDCONTINUE' due to '/OPT:LBR' specification
         Sample.vcxproj -> C:\Users\Zosit\Desktop\SampleFreeGlut\.\Debug\Sample.exe
     1>Done Building Project "C:\Users\Zosit\Desktop\SampleFreeGlut\Sample.vcxproj" (Build target(s)).

Build succeeded.

Time Elapsed 00:00:06.55
